12/04/2014 04:38:50 PM All user input validations are passed. We are set to go!
12/04/2014 04:38:50 PM Running the framework...
12/04/2014 04:38:51 PM The initial number of running processes is 1.
12/04/2014 04:38:51 PM Partitioning hungergames21_1.txt into 3 chunks.
12/04/2014 04:39:11 PM Creating a pool of 3 subprocess workers.
12/04/2014 04:39:12 PM Started the map phase for hungergames21_1.txt chunk #0.
12/04/2014 04:39:12 PM Started the map phase for hungergames21_1.txt chunk #1.
12/04/2014 04:39:12 PM Started the map phase for hungergames21_1.txt chunk #2.
12/04/2014 04:39:12 PM Finished the map phase for hungergames21_1.txt chunk #2.
12/04/2014 04:39:12 PM Serializing and writing the map results for hungergames21_1.txt chunk #2.
12/04/2014 04:39:12 PM Finished the map phase for hungergames21_1.txt chunk #0.
12/04/2014 04:39:12 PM Serializing and writing the map results for hungergames21_1.txt chunk #0.
12/04/2014 04:39:12 PM Finished the map phase for hungergames21_1.txt chunk #1.
12/04/2014 04:39:12 PM Serializing and writing the map results for hungergames21_1.txt chunk #1.
12/04/2014 04:39:15 PM Started the grouping phase for hungergames21_1.txt chunk #1.
12/04/2014 04:39:15 PM Started the grouping phase for hungergames21_1.txt chunk #2.
12/04/2014 04:39:15 PM Started the grouping phase for hungergames21_1.txt chunk #0.
12/04/2014 04:39:16 PM Master started the shuffle phase.
12/04/2014 04:39:16 PM Chunk #inter-shuffled-0 was assigned to a reducer.
12/04/2014 04:39:16 PM Serializing and writing the reduce results for #inter-shuffled #0.
12/04/2014 04:39:16 PM Chunk #inter-shuffled-1 was assigned to a reducer.
12/04/2014 04:39:16 PM Serializing and writing the reduce results for #inter-shuffled #1.
12/04/2014 04:39:16 PM Chunk #inter-shuffled-2 was assigned to a reducer.
12/04/2014 04:39:16 PM Serializing and writing the reduce results for #inter-shuffled #2.
12/04/2014 04:39:16 PM Merging all reduce results into a final file.
12/04/2014 04:39:16 PM Merging is done. Generating the output map_reduce_output.txt file.
12/04/2014 04:39:16 PM Finalizing the program execution. 			Generating the output. Cleaning up.
12/04/2014 04:39:16 PM The program is successfully finished.
12/04/2014 04:49:40 PM All user input validations are passed. We are set to go!
12/04/2014 04:49:40 PM Running the framework...
12/04/2014 04:49:40 PM The initial number of running processes is 2.
12/04/2014 04:49:40 PM Partitioning book1.txt into 3 chunks.
12/04/2014 04:49:40 PM Partitioning book2.txt into 3 chunks.
12/04/2014 04:50:27 PM Creating a pool of 3 subprocess workers.
12/04/2014 04:50:27 PM Started the map phase for book2.txt chunk #0.
12/04/2014 04:50:27 PM Started the map phase for book2.txt chunk #1.
12/04/2014 04:50:27 PM Started the map phase for book2.txt chunk #2.
12/04/2014 04:50:29 PM Finished the map phase for book2.txt chunk #2.
12/04/2014 04:50:29 PM Serializing and writing the map results for book2.txt chunk #2.
12/04/2014 04:50:29 PM Finished the map phase for book2.txt chunk #0.
12/04/2014 04:50:29 PM Serializing and writing the map results for book2.txt chunk #0.
12/04/2014 04:50:29 PM Finished the map phase for book2.txt chunk #1.
12/04/2014 04:50:29 PM Serializing and writing the map results for book2.txt chunk #1.
12/04/2014 04:50:35 PM Started the grouping phase for book2.txt chunk #2.
12/04/2014 04:50:35 PM Started the grouping phase for book2.txt chunk #1.
12/04/2014 04:50:35 PM Started the grouping phase for book2.txt chunk #0.
12/04/2014 04:51:43 PM Creating a pool of 3 subprocess workers.
12/04/2014 04:51:43 PM Started the map phase for book1.txt chunk #0.
12/04/2014 04:51:43 PM Started the map phase for book1.txt chunk #1.
12/04/2014 04:51:43 PM Started the map phase for book1.txt chunk #2.
12/04/2014 04:51:48 PM Finished the map phase for book1.txt chunk #2.
12/04/2014 04:51:48 PM Serializing and writing the map results for book1.txt chunk #2.
12/04/2014 04:51:49 PM Finished the map phase for book1.txt chunk #0.
12/04/2014 04:51:49 PM Serializing and writing the map results for book1.txt chunk #0.
12/04/2014 04:51:49 PM Finished the map phase for book1.txt chunk #1.
12/04/2014 04:51:49 PM Serializing and writing the map results for book1.txt chunk #1.
12/04/2014 04:52:06 PM Started the grouping phase for book1.txt chunk #2.
12/04/2014 04:52:06 PM Started the grouping phase for book1.txt chunk #0.
12/04/2014 04:52:07 PM Started the grouping phase for book1.txt chunk #1.
12/04/2014 04:52:11 PM Master started the shuffle phase.
12/04/2014 04:52:15 PM Chunk #inter-shuffled-1 was assigned to a reducer.
12/04/2014 04:52:15 PM Chunk #inter-shuffled-0 was assigned to a reducer.
12/04/2014 04:52:15 PM Serializing and writing the reduce results for #inter-shuffled #1.
12/04/2014 04:52:15 PM Serializing and writing the reduce results for #inter-shuffled #0.
12/04/2014 04:52:16 PM Chunk #inter-shuffled-2 was assigned to a reducer.
12/04/2014 04:52:16 PM Serializing and writing the reduce results for #inter-shuffled #2.
12/04/2014 04:52:16 PM Merging all reduce results into a final file.
12/04/2014 04:52:16 PM Merging is done. Generating the output map_reduce_output.txt file.
12/04/2014 04:52:16 PM Finalizing the program execution. 			Generating the output. Cleaning up.
12/04/2014 04:52:16 PM The program is successfully finished.
